<?xml version="1.0" encoding="UTF-8"?>
<!-- Generated by org.testng.reporters.JUnitReportReporter -->
<testsuite skipped="0" hostname="DESKTOP-0SP0QG2" name="testcases.LaunchTest" tests="4" failures="0" timestamp="2024-07-11T18:59:01 IST" time="33.566" errors="0">
  <testcase name="testcase4" time="11.102" classname="testcases.LaunchTest"/>
  <system-out/>
  <testcase name="testcase2" time="4.366" classname="testcases.LaunchTest"/>
  <system-out/>
  <testcase name="testcase1" time="7.204" classname="testcases.LaunchTest"/>
  <system-out/>
  <testcase name="testcase3" time="10.894" classname="testcases.LaunchTest"/>
  <system-out/>
</testsuite> <!-- testcases.LaunchTest -->
