<?xml version="1.0" encoding="UTF-8"?>
<!-- Generated by org.testng.reporters.JUnitReportReporter -->
<testsuite skipped="0" hostname="DESKTOP-0SP0QG2" name="testcases.TestCase" tests="4" failures="0" timestamp="2024-07-11T23:24:22 IST" time="63.920" errors="0">
  <testcase name="testcase2" time="6.088" classname="testcases.TestCase"/>
  <system-out/>
  <testcase name="testcase3" time="31.211" classname="testcases.TestCase"/>
  <system-out/>
  <testcase name="testcase1" time="7.859" classname="testcases.TestCase"/>
  <system-out/>
  <testcase name="testcase4" time="18.762" classname="testcases.TestCase"/>
  <system-out/>
</testsuite> <!-- testcases.TestCase -->
